# JRE version: OpenJDK Runtime Environment Temurin-11.0.16+8 (11.0.16+8) (build 11.0.16+8)
# Java VM: OpenJDK 64-Bit Server VM Temurin-11.0.16+8 (11.0.16+8, mixed mode, tiered, compressed oops, g1 gc, windows-amd64)
Heap:
 garbage-first heap   total 203776K, used 120026K [0x00000000c9400000, 0x0000000100000000)
  region size 1024K, 2 young (2048K), 2 survivors (2048K)
 Metaspace       used 128860K, capacity 140127K, committed 141440K, reserved 1163264K
  class space    used 20392K, capacity 26352K, committed 27008K, reserved 1048576K
GC Heap History (20 events):
Event: 73.332 GC heap after
{Heap after GC invocations=113 (full 0):
 garbage-first heap   total 125952K, used 102606K [0x00000000c9400000, 0x0000000100000000)
  region size 1024K, 1 young (1024K), 1 survivors (1024K)
 Metaspace       used 124633K, capacity 135814K, committed 136064K, reserved 1159168K
  class space    used 20073K, capacity 26118K, committed 26240K, reserved 1048576K
}
Event: 73.669 GC heap before
{Heap before GC invocations=113 (full 0):
 garbage-first heap   total 125952K, used 109774K [0x00000000c9400000, 0x0000000100000000)
  region size 1024K, 8 young (8192K), 1 survivors (1024K)
 Metaspace       used 124749K, capacity 135924K, committed 136064K, reserved 1159168K
  class space    used 20102K, capacity 26161K, committed 26240K, reserved 1048576K
}
Event: 73.673 GC heap after
{Heap after GC invocations=114 (full 0):
 garbage-first heap   total 125952K, used 102771K [0x00000000c9400000, 0x0000000100000000)
  region size 1024K, 1 young (1024K), 1 survivors (1024K)
 Metaspace       used 124749K, capacity 135924K, committed 136064K, reserved 1159168K
  class space    used 20102K, capacity 26161K, committed 26240K, reserved 1048576K
}
Event: 73.854 GC heap before
{Heap before GC invocations=114 (full 0):
 garbage-first heap   total 125952K, used 109939K [0x00000000c9400000, 0x0000000100000000)
  region size 1024K, 8 young (8192K), 1 survivors (1024K)
 Metaspace       used 124801K, capacity 136069K, committed 136320K, reserved 1159168K
  class space    used 20102K, capacity 26161K, committed 26240K, reserved 1048576K
}
Event: 73.864 GC heap after
{Heap after GC invocations=115 (full 0):
 garbage-first heap   total 125952K, used 103640K [0x00000000c9400000, 0x0000000100000000)
  region size 1024K, 1 young (1024K), 1 survivors (1024K)
 Metaspace       used 124801K, capacity 136069K, committed 136320K, reserved 1159168K
  class space    used 20102K, capacity 26161K, committed 26240K, reserved 1048576K
}
Event: 73.943 GC heap before
{Heap before GC invocations=115 (full 0):
 garbage-first heap   total 125952K, used 109784K [0x00000000c9400000, 0x0000000100000000)
  region size 1024K, 7 young (7168K), 1 survivors (1024K)
 Metaspace       used 124817K, capacity 136078K, committed 136320K, reserved 1159168K
  class space    used 20102K, capacity 26161K, committed 26240K, reserved 1048576K
}
Event: 73.954 GC heap after
{Heap after GC invocations=116 (full 0):
 garbage-first heap   total 125952K, used 104232K [0x00000000c9400000, 0x0000000100000000)
  region size 1024K, 1 young (1024K), 1 survivors (1024K)
 Metaspace       used 124817K, capacity 136078K, committed 136320K, reserved 1159168K
  class space    used 20102K, capacity 26161K, committed 26240K, reserved 1048576K
}
Event: 74.014 GC heap before
{Heap before GC invocations=116 (full 0):
 garbage-first heap   total 125952K, used 109352K [0x00000000c9400000, 0x0000000100000000)
  region size 1024K, 6 young (6144K), 1 survivors (1024K)
 Metaspace       used 124821K, capacity 136082K, committed 136320K, reserved 1159168K
  class space    used 20102K, capacity 26161K, committed 26240K, reserved 1048576K
}
Event: 74.018 GC heap after
{Heap after GC invocations=117 (full 0):
 garbage-first heap   total 125952K, used 104542K [0x00000000c9400000, 0x0000000100000000)
  region size 1024K, 1 young (1024K), 1 survivors (1024K)
 Metaspace       used 124821K, capacity 136082K, committed 136320K, reserved 1159168K
  class space    used 20102K, capacity 26161K, committed 26240K, reserved 1048576K
}
Event: 74.104 GC heap before
{Heap before GC invocations=117 (full 0):
 garbage-first heap   total 125952K, used 109662K [0x00000000c9400000, 0x0000000100000000)
  region size 1024K, 6 young (6144K), 1 survivors (1024K)
 Metaspace       used 124822K, capacity 136082K, committed 136320K, reserved 1159168K
  class space    used 20102K, capacity 26161K, committed 26240K, reserved 1048576K
}
Event: 74.110 GC heap after
{Heap after GC invocations=118 (full 0):
 garbage-first heap   total 125952K, used 104634K [0x00000000c9400000, 0x0000000100000000)
  region size 1024K, 1 young (1024K), 1 survivors (1024K)
 Metaspace       used 124822K, capacity 136082K, committed 136320K, reserved 1159168K
  class space    used 20102K, capacity 26161K, committed 26240K, reserved 1048576K
}
Event: 74.160 GC heap before
{Heap before GC invocations=118 (full 0):
 garbage-first heap   total 125952K, used 109754K [0x00000000c9400000, 0x0000000100000000)
  region size 1024K, 6 young (6144K), 1 survivors (1024K)
 Metaspace       used 124827K, capacity 136087K, committed 136320K, reserved 1159168K
  class space    used 20102K, capacity 26161K, committed 26240K, reserved 1048576K
}
Event: 74.166 GC heap after
{Heap after GC invocations=119 (full 0):
 garbage-first heap   total 160768K, used 104994K [0x00000000c9400000, 0x0000000100000000)
  region size 1024K, 1 young (1024K), 1 survivors (1024K)
 Metaspace       used 124827K, capacity 136087K, committed 136320K, reserved 1159168K
  class space    used 20102K, capacity 26161K, committed 26240K, reserved 1048576K
}
Event: 74.773 GC heap before
{Heap before GC invocations=119 (full 0):
 garbage-first heap   total 160768K, used 123426K [0x00000000c9400000, 0x0000000100000000)
  region size 1024K, 19 young (19456K), 1 survivors (1024K)
 Metaspace       used 124945K, capacity 136217K, committed 136320K, reserved 1159168K
  class space    used 20126K, capacity 26192K, committed 26240K, reserved 1048576K
}
Event: 74.788 GC heap after
{Heap after GC invocations=120 (full 0):
 garbage-first heap   total 160768K, used 106734K [0x00000000c9400000, 0x0000000100000000)
  region size 1024K, 3 young (3072K), 3 survivors (3072K)
 Metaspace       used 124945K, capacity 136217K, committed 136320K, reserved 1159168K
  class space    used 20126K, capacity 26192K, committed 26240K, reserved 1048576K
}
Event: 79.379 GC heap before
{Heap before GC invocations=120 (full 0):
 garbage-first heap   total 160768K, used 125166K [0x00000000c9400000, 0x0000000100000000)
  region size 1024K, 21 young (21504K), 3 survivors (3072K)
 Metaspace       used 128087K, capacity 139538K, committed 139648K, reserved 1163264K
  class space    used 20555K, capacity 26649K, committed 26752K, reserved 1048576K
}
Event: 79.408 GC heap after
{Heap after GC invocations=121 (full 0):
 garbage-first heap   total 160768K, used 108712K [0x00000000c9400000, 0x0000000100000000)
  region size 1024K, 3 young (3072K), 3 survivors (3072K)
 Metaspace       used 128087K, capacity 139538K, committed 139648K, reserved 1163264K
  class space    used 20555K, capacity 26649K, committed 26752K, reserved 1048576K
}
Event: 81.227 GC heap before
{Heap before GC invocations=121 (full 0):
 garbage-first heap   total 160768K, used 136360K [0x00000000c9400000, 0x0000000100000000)
  region size 1024K, 12 young (12288K), 3 survivors (3072K)
 Metaspace       used 129632K, capacity 141235K, committed 141440K, reserved 1163264K
  class space    used 20787K, capacity 26967K, committed 27008K, reserved 1048576K
}
Event: 81.255 GC heap after
{Heap after GC invocations=122 (full 0):
 garbage-first heap   total 160768K, used 113506K [0x00000000c9400000, 0x0000000100000000)
  region size 1024K, 1 young (1024K), 1 survivors (1024K)
 Metaspace       used 129632K, capacity 141235K, committed 141440K, reserved 1163264K
  class space    used 20787K, capacity 26967K, committed 27008K, reserved 1048576K
}
Event: 87.596 GC heap before
{Heap before GC invocations=123 (full 0):
 garbage-first heap   total 160768K, used 159586K [0x00000000c9400000, 0x0000000100000000)
  region size 1024K, 17 young (17408K), 1 survivors (1024K)
 Metaspace       used 128860K, capacity 140127K, committed 141440K, reserved 1163264K
  class space    used 20392K, capacity 26352K, committed 27008K, reserved 1048576K
}

